Determining if the pthread_create exist failed with the following output:
Change Dir: /home/john/selfdrive/IGVC-Gem-Simulator/build/CMakeFiles/CMakeTmp

Run Build Command:"/usr/bin/make" "cmTC_6c38d/fast"
/usr/bin/make -f CMakeFiles/cmTC_6c38d.dir/build.make CMakeFiles/cmTC_6c38d.dir/build
make[1]: Entering directory '/home/john/selfdrive/IGVC-Gem-Simulator/build/CMakeFiles/CMakeTmp'
Building C object CMakeFiles/cmTC_6c38d.dir/CheckSymbolExists.c.o
/usr/bin/cc    -o CMakeFiles/cmTC_6c38d.dir/CheckSymbolExists.c.o   -c /home/john/selfdrive/IGVC-Gem-Simulator/build/CMakeFiles/CMakeTmp/CheckSymbolExists.c
Linking C executable cmTC_6c38d
/usr/bin/cmake -E cmake_link_script CMakeFiles/cmTC_6c38d.dir/link.txt --verbose=1
/usr/bin/cc      CMakeFiles/cmTC_6c38d.dir/CheckSymbolExists.c.o  -o cmTC_6c38d 
CMakeFiles/cmTC_6c38d.dir/CheckSymbolExists.c.o: In function `main':
CheckSymbolExists.c:(.text+0x1b): undefined reference to `pthread_create'
collect2: error: ld returned 1 exit status
CMakeFiles/cmTC_6c38d.dir/build.make:97: recipe for target 'cmTC_6c38d' failed
make[1]: *** [cmTC_6c38d] Error 1
make[1]: Leaving directory '/home/john/selfdrive/IGVC-Gem-Simulator/build/CMakeFiles/CMakeTmp'
Makefile:126: recipe for target 'cmTC_6c38d/fast' failed
make: *** [cmTC_6c38d/fast] Error 2

File /home/john/selfdrive/IGVC-Gem-Simulator/build/CMakeFiles/CMakeTmp/CheckSymbolExists.c:
/* */
#include <pthread.h>

int main(int argc, char** argv)
{
  (void)argv;
#ifndef pthread_create
  return ((int*)(&pthread_create))[argc];
#else
  (void)argc;
  return 0;
#endif
}

Determining if the function pthread_create exists in the pthreads failed with the following output:
Change Dir: /home/john/selfdrive/IGVC-Gem-Simulator/build/CMakeFiles/CMakeTmp

Run Build Command:"/usr/bin/make" "cmTC_96787/fast"
/usr/bin/make -f CMakeFiles/cmTC_96787.dir/build.make CMakeFiles/cmTC_96787.dir/build
make[1]: Entering directory '/home/john/selfdrive/IGVC-Gem-Simulator/build/CMakeFiles/CMakeTmp'
Building C object CMakeFiles/cmTC_96787.dir/CheckFunctionExists.c.o
/usr/bin/cc   -DCHECK_FUNCTION_EXISTS=pthread_create   -o CMakeFiles/cmTC_96787.dir/CheckFunctionExists.c.o   -c /usr/share/cmake-3.10/Modules/CheckFunctionExists.c
Linking C executable cmTC_96787
/usr/bin/cmake -E cmake_link_script CMakeFiles/cmTC_96787.dir/link.txt --verbose=1
/usr/bin/cc  -DCHECK_FUNCTION_EXISTS=pthread_create    CMakeFiles/cmTC_96787.dir/CheckFunctionExists.c.o  -o cmTC_96787 -lpthreads 
/usr/bin/ld: cannot find -lpthreads
collect2: error: ld returned 1 exit status
CMakeFiles/cmTC_96787.dir/build.make:97: recipe for target 'cmTC_96787' failed
make[1]: *** [cmTC_96787] Error 1
make[1]: Leaving directory '/home/john/selfdrive/IGVC-Gem-Simulator/build/CMakeFiles/CMakeTmp'
Makefile:126: recipe for target 'cmTC_96787/fast' failed
make: *** [cmTC_96787/fast] Error 2


